<?xml version="1.0" encoding="UTF-8"?>
<testng-results skipped="0" failed="0" total="1" passed="1">
  <reporter-output>
  </reporter-output>
  <suite name="Default suite" duration-ms="3031" started-at="2012-05-25T16:58:33Z" finished-at="2012-05-25T16:58:36Z">
    <groups>
    </groups>
    <test name="Default test" duration-ms="3031" started-at="2012-05-25T16:58:33Z" finished-at="2012-05-25T16:58:36Z">
      <class name="com.htong.dao.WellDataDaoTest">
        <test-method status="PASS" signature="beforeTest()[pri:0, instance:com.htong.dao.WellDataDaoTest@1bca5f1]" name="beforeTest" is-config="true" duration-ms="875" started-at="2012-05-25T16:58:33Z" finished-at="2012-05-25T16:58:34Z">
        </test-method> <!-- beforeTest -->
        <test-method status="PASS" signature="getHistoryWellData()[pri:0, instance:com.htong.dao.WellDataDaoTest@1bca5f1]" name="getHistoryWellData" duration-ms="2156" started-at="2012-05-25T16:58:34Z" finished-at="2012-05-25T16:58:36Z">
        </test-method> <!-- getHistoryWellData -->
      </class> <!-- com.htong.dao.WellDataDaoTest -->
    </test> <!-- Default test -->
  </suite> <!-- Default suite -->
</testng-results>
